2021-08-04T19:00:39.770+0800	info	logger/logger.go:55	[logger start...]
2021-08-04T19:00:41.057+0800	info	logic/binance.go:192	ExchangeInfo tokens => [[{"symbol":"BTCUSDT","base_asset":"BTC","quote_asset":"USDT"},{"symbol":"ETHUSDT","base_asset":"ETH","quote_asset":"USDT"},{"symbol":"BNBUSDT","base_asset":"BNB","quote_asset":"USDT"},{"symbol":"NEOUSDT","base_asset":"NEO","quote_asset":"USDT"},{"symbol":"LTCUSDT","base_asset":"LTC","quote_asset":"USDT"},{"symbol":"QTUMUSDT","base_asset":"QTUM","quote_asset":"USDT"},{"symbol":"ADAUSDT","base_asset":"ADA","quote_asset":"USDT"},{"symbol":"XRPUSDT","base_asset":"XRP","quote_asset":"USDT"},{"symbol":"EOSUSDT","base_asset":"EOS","quote_asset":"USDT"},{"symbol":"TUSDUSDT","base_asset":"TUSD","quote_asset":"USDT"},{"symbol":"IOTAUSDT","base_asset":"IOTA","quote_asset":"USDT"},{"symbol":"XLMUSDT","base_asset":"XLM","quote_asset":"USDT"},{"symbol":"ONTUSDT","base_asset":"ONT","quote_asset":"USDT"},{"symbol":"TRXUSDT","base_asset":"TRX","quote_asset":"USDT"},{"symbol":"ETCUSDT","base_asset":"ETC","quote_asset":"USDT"},{"symbol":"ICXUSDT","base_asset":"ICX","quote_asset":"USDT"},{"symbol":"NULSUSDT","base_asset":"NULS","quote_asset":"USDT"},{"symbol":"VETUSDT","base_asset":"VET","quote_asset":"USDT"},{"symbol":"PAXUSDT","base_asset":"PAX","quote_asset":"USDT"},{"symbol":"USDCUSDT","base_asset":"USDC","quote_asset":"USDT"},{"symbol":"LINKUSDT","base_asset":"LINK","quote_asset":"USDT"},{"symbol":"WAVESUSDT","base_asset":"WAVES","quote_asset":"USDT"},{"symbol":"BTTUSDT","base_asset":"BTT","quote_asset":"USDT"},{"symbol":"ONGUSDT","base_asset":"ONG","quote_asset":"USDT"},{"symbol":"HOTUSDT","base_asset":"HOT","quote_asset":"USDT"},{"symbol":"ZILUSDT","base_asset":"ZIL","quote_asset":"USDT"},{"symbol":"ZRXUSDT","base_asset":"ZRX","quote_asset":"USDT"},{"symbol":"FETUSDT","base_asset":"FET","quote_asset":"USDT"},{"symbol":"BATUSDT","base_asset":"BAT","quote_asset":"USDT"},{"symbol":"XMRUSDT","base_asset":"XMR","quote_asset":"USDT"},{"symbol":"ZECUSDT","base_asset":"ZEC","quote_asset":"USDT"},{"symbol":"IOSTUSDT","base_asset":"IOST","quote_asset":"USDT"},{"symbol":"CELRUSDT","base_asset":"CELR","quote_asset":"USDT"},{"symbol":"DASHUSDT","base_asset":"DASH","quote_asset":"USDT"},{"symbol":"NANOUSDT","base_asset":"NANO","quote_asset":"USDT"},{"symbol":"OMGUSDT","base_asset":"OMG","quote_asset":"USDT"},{"symbol":"THETAUSDT","base_asset":"THETA","quote_asset":"USDT"},{"symbol":"ENJUSDT","base_asset":"ENJ","quote_asset":"USDT"},{"symbol":"MITHUSDT","base_asset":"MITH","quote_asset":"USDT"},{"symbol":"MATICUSDT","base_asset":"MATIC","quote_asset":"USDT"},{"symbol":"ATOMUSDT","base_asset":"ATOM","quote_asset":"USDT"},{"symbol":"TFUELUSDT","base_asset":"TFUEL","quote_asset":"USDT"},{"symbol":"ONEUSDT","base_asset":"ONE","quote_asset":"USDT"},{"symbol":"FTMUSDT","base_asset":"FTM","quote_asset":"USDT"},{"symbol":"ALGOUSDT","base_asset":"ALGO","quote_asset":"USDT"},{"symbol":"GTOUSDT","base_asset":"GTO","quote_asset":"USDT"},{"symbol":"DOGEUSDT","base_asset":"DOGE","quote_asset":"USDT"},{"symbol":"DUSKUSDT","base_asset":"DUSK","quote_asset":"USDT"},{"symbol":"ANKRUSDT","base_asset":"ANKR","quote_asset":"USDT"},{"symbol":"WINUSDT","base_asset":"WIN","quote_asset":"USDT"},{"symbol":"COSUSDT","base_asset":"COS","quote_asset":"USDT"},{"symbol":"COCOSUSDT","base_asset":"COCOS","quote_asset":"USDT"},{"symbol":"MTLUSDT","base_asset":"MTL","quote_asset":"USDT"},{"symbol":"TOMOUSDT","base_asset":"TOMO","quote_asset":"USDT"},{"symbol":"PERLUSDT","base_asset":"PERL","quote_asset":"USDT"},{"symbol":"DENTUSDT","base_asset":"DENT","quote_asset":"USDT"},{"symbol":"MFTUSDT","base_asset":"MFT","quote_asset":"USDT"},{"symbol":"KEYUSDT","base_asset":"KEY","quote_asset":"USDT"},{"symbol":"DOCKUSDT","base_asset":"DOCK","quote_asset":"USDT"},{"symbol":"WANUSDT","base_asset":"WAN","quote_asset":"USDT"},{"symbol":"FUNUSDT","base_asset":"FUN","quote_asset":"USDT"},{"symbol":"CVCUSDT","base_asset":"CVC","quote_asset":"USDT"},{"symbol":"CHZUSDT","base_asset":"CHZ","quote_asset":"USDT"},{"symbol":"BANDUSDT","base_asset":"BAND","quote_asset":"USDT"},{"symbol":"BUSDUSDT","base_asset":"BUSD","quote_asset":"USDT"},{"symbol":"BEAMUSDT","base_asset":"BEAM","quote_asset":"USDT"},{"symbol":"XTZUSDT","base_asset":"XTZ","quote_asset":"USDT"},{"symbol":"RENUSDT","base_asset":"REN","quote_asset":"USDT"},{"symbol":"RVNUSDT","base_asset":"RVN","quote_asset":"USDT"},{"symbol":"HBARUSDT","base_asset":"HBAR","quote_asset":"USDT"},{"symbol":"NKNUSDT","base_asset":"NKN","quote_asset":"USDT"},{"symbol":"STXUSDT","base_asset":"STX","quote_asset":"USDT"},{"symbol":"KAVAUSDT","base_asset":"KAVA","quote_asset":"USDT"},{"symbol":"ARPAUSDT","base_asset":"ARPA","quote_asset":"USDT"},{"symbol":"IOTXUSDT","base_asset":"IOTX","quote_asset":"USDT"},{"symbol":"RLCUSDT","base_asset":"RLC","quote_asset":"USDT"},{"symbol":"CTXCUSDT","base_asset":"CTXC","quote_asset":"USDT"},{"symbol":"BCHUSDT","base_asset":"BCH","quote_asset":"USDT"},{"symbol":"TROYUSDT","base_asset":"TROY","quote_asset":"USDT"},{"symbol":"VITEUSDT","base_asset":"VITE","quote_asset":"USDT"},{"symbol":"FTTUSDT","base_asset":"FTT","quote_asset":"USDT"},{"symbol":"EURUSDT","base_asset":"EUR","quote_asset":"USDT"},{"symbol":"OGNUSDT","base_asset":"OGN","quote_asset":"USDT"},{"symbol":"DREPUSDT","base_asset":"DREP","quote_asset":"USDT"},{"symbol":"TCTUSDT","base_asset":"TCT","quote_asset":"USDT"},{"symbol":"WRXUSDT","base_asset":"WRX","quote_asset":"USDT"},{"symbol":"BTSUSDT","base_asset":"BTS","quote_asset":"USDT"},{"symbol":"LSKUSDT","base_asset":"LSK","quote_asset":"USDT"},{"symbol":"BNTUSDT","base_asset":"BNT","quote_asset":"USDT"},{"symbol":"LTOUSDT","base_asset":"LTO","quote_asset":"USDT"},{"symbol":"AIONUSDT","base_asset":"AION","quote_asset":"USDT"},{"symbol":"MBLUSDT","base_asset":"MBL","quote_asset":"USDT"},{"symbol":"COTIUSDT","base_asset":"COTI","quote_asset":"USDT"},{"symbol":"STPTUSDT","base_asset":"STPT","quote_asset":"USDT"},{"symbol":"WTCUSDT","base_asset":"WTC","quote_asset":"USDT"},{"symbol":"DATAUSDT","base_asset":"DATA","quote_asset":"USDT"},{"symbol":"SOLUSDT","base_asset":"SOL","quote_asset":"USDT"},{"symbol":"CTSIUSDT","base_asset":"CTSI","quote_asset":"USDT"},{"symbol":"HIVEUSDT","base_asset":"HIVE","quote_asset":"USDT"},{"symbol":"CHRUSDT","base_asset":"CHR","quote_asset":"USDT"},{"symbol":"GXSUSDT","base_asset":"GXS","quote_asset":"USDT"},{"symbol":"ARDRUSDT","base_asset":"ARDR","quote_asset":"USDT"},{"symbol":"MDTUSDT","base_asset":"MDT","quote_asset":"USDT"},{"symbol":"STMXUSDT","base_asset":"STMX","quote_asset":"USDT"},{"symbol":"KNCUSDT","base_asset":"KNC","quote_asset":"USDT"},{"symbol":"REPUSDT","base_asset":"REP","quote_asset":"USDT"},{"symbol":"LRCUSDT","base_asset":"LRC","quote_asset":"USDT"},{"symbol":"PNTUSDT","base_asset":"PNT","quote_asset":"USDT"},{"symbol":"COMPUSDT","base_asset":"COMP","quote_asset":"USDT"},{"symbol":"SCUSDT","base_asset":"SC","quote_asset":"USDT"},{"symbol":"ZENUSDT","base_asset":"ZEN","quote_asset":"USDT"},{"symbol":"SNXUSDT","base_asset":"SNX","quote_asset":"USDT"},{"symbol":"VTHOUSDT","base_asset":"VTHO","quote_asset":"USDT"},{"symbol":"DGBUSDT","base_asset":"DGB","quote_asset":"USDT"},{"symbol":"GBPUSDT","base_asset":"GBP","quote_asset":"USDT"},{"symbol":"SXPUSDT","base_asset":"SXP","quote_asset":"USDT"},{"symbol":"MKRUSDT","base_asset":"MKR","quote_asset":"USDT"},{"symbol":"DCRUSDT","base_asset":"DCR","quote_asset":"USDT"},{"symbol":"STORJUSDT","base_asset":"STORJ","quote_asset":"USDT"},{"symbol":"MANAUSDT","base_asset":"MANA","quote_asset":"USDT"},{"symbol":"AUDUSDT","base_asset":"AUD","quote_asset":"USDT"},{"symbol":"YFIUSDT","base_asset":"YFI","quote_asset":"USDT"},{"symbol":"BALUSDT","base_asset":"BAL","quote_asset":"USDT"},{"symbol":"BLZUSDT","base_asset":"BLZ","quote_asset":"USDT"},{"symbol":"IRISUSDT","base_asset":"IRIS","quote_asset":"USDT"},{"symbol":"KMDUSDT","base_asset":"KMD","quote_asset":"USDT"},{"symbol":"JSTUSDT","base_asset":"JST","quote_asset":"USDT"},{"symbol":"SRMUSDT","base_asset":"SRM","quote_asset":"USDT"},{"symbol":"ANTUSDT","base_asset":"ANT","quote_asset":"USDT"},{"symbol":"CRVUSDT","base_asset":"CRV","quote_asset":"USDT"},{"symbol":"SANDUSDT","base_asset":"SAND","quote_asset":"USDT"},{"symbol":"OCEANUSDT","base_asset":"OCEAN","quote_asset":"USDT"},{"symbol":"NMRUSDT","base_asset":"NMR","quote_asset":"USDT"},{"symbol":"DOTUSDT","base_asset":"DOT","quote_asset":"USDT"},{"symbol":"LUNAUSDT","base_asset":"LUNA","quote_asset":"USDT"},{"symbol":"RSRUSDT","base_asset":"RSR","quote_asset":"USDT"},{"symbol":"PAXGUSDT","base_asset":"PAXG","quote_asset":"USDT"},{"symbol":"WNXMUSDT","base_asset":"WNXM","quote_asset":"USDT"},{"symbol":"TRBUSDT","base_asset":"TRB","quote_asset":"USDT"},{"symbol":"BZRXUSDT","base_asset":"BZRX","quote_asset":"USDT"},{"symbol":"SUSHIUSDT","base_asset":"SUSHI","quote_asset":"USDT"},{"symbol":"YFIIUSDT","base_asset":"YFII","quote_asset":"USDT"},{"symbol":"KSMUSDT","base_asset":"KSM","quote_asset":"USDT"},{"symbol":"EGLDUSDT","base_asset":"EGLD","quote_asset":"USDT"},{"symbol":"DIAUSDT","base_asset":"DIA","quote_asset":"USDT"},{"symbol":"RUNEUSDT","base_asset":"RUNE","quote_asset":"USDT"},{"symbol":"FIOUSDT","base_asset":"FIO","quote_asset":"USDT"},{"symbol":"UMAUSDT","base_asset":"UMA","quote_asset":"USDT"},{"symbol":"BELUSDT","base_asset":"BEL","quote_asset":"USDT"},{"symbol":"WINGUSDT","base_asset":"WING","quote_asset":"USDT"},{"symbol":"UNIUSDT","base_asset":"UNI","quote_asset":"USDT"},{"symbol":"NBSUSDT","base_asset":"NBS","quote_asset":"USDT"},{"symbol":"OXTUSDT","base_asset":"OXT","quote_asset":"USDT"},{"symbol":"SUNUSDT","base_asset":"SUN","quote_asset":"USDT"},{"symbol":"AVAXUSDT","base_asset":"AVAX","quote_asset":"USDT"},{"symbol":"HNTUSDT","base_asset":"HNT","quote_asset":"USDT"},{"symbol":"FLMUSDT","base_asset":"FLM","quote_asset":"USDT"},{"symbol":"ORNUSDT","base_asset":"ORN","quote_asset":"USDT"},{"symbol":"UTKUSDT","base_asset":"UTK","quote_asset":"USDT"},{"symbol":"XVSUSDT","base_asset":"XVS","quote_asset":"USDT"},{"symbol":"ALPHAUSDT","base_asset":"ALPHA","quote_asset":"USDT"},{"symbol":"AAVEUSDT","base_asset":"AAVE","quote_asset":"USDT"},{"symbol":"NEARUSDT","base_asset":"NEAR","quote_asset":"USDT"},{"symbol":"FILUSDT","base_asset":"FIL","quote_asset":"USDT"},{"symbol":"INJUSDT","base_asset":"INJ","quote_asset":"USDT"},{"symbol":"AUDIOUSDT","base_asset":"AUDIO","quote_asset":"USDT"},{"symbol":"CTKUSDT","base_asset":"CTK","quote_asset":"USDT"},{"symbol":"AKROUSDT","base_asset":"AKRO","quote_asset":"USDT"},{"symbol":"AXSUSDT","base_asset":"AXS","quote_asset":"USDT"},{"symbol":"HARDUSDT","base_asset":"HARD","quote_asset":"USDT"},{"symbol":"DNTUSDT","base_asset":"DNT","quote_asset":"USDT"},{"symbol":"STRAXUSDT","base_asset":"STRAX","quote_asset":"USDT"},{"symbol":"UNFIUSDT","base_asset":"UNFI","quote_asset":"USDT"},{"symbol":"ROSEUSDT","base_asset":"ROSE","quote_asset":"USDT"},{"symbol":"AVAUSDT","base_asset":"AVA","quote_asset":"USDT"},{"symbol":"XEMUSDT","base_asset":"XEM","quote_asset":"USDT"},{"symbol":"SKLUSDT","base_asset":"SKL","quote_asset":"USDT"},{"symbol":"SUSDUSDT","base_asset":"SUSD","quote_asset":"USDT"},{"symbol":"GRTUSDT","base_asset":"GRT","quote_asset":"USDT"},{"symbol":"JUVUSDT","base_asset":"JUV","quote_asset":"USDT"},{"symbol":"PSGUSDT","base_asset":"PSG","quote_asset":"USDT"},{"symbol":"1INCHUSDT","base_asset":"1INCH","quote_asset":"USDT"},{"symbol":"REEFUSDT","base_asset":"REEF","quote_asset":"USDT"},{"symbol":"OGUSDT","base_asset":"OG","quote_asset":"USDT"},{"symbol":"ATMUSDT","base_asset":"ATM","quote_asset":"USDT"},{"symbol":"ASRUSDT","base_asset":"ASR","quote_asset":"USDT"},{"symbol":"CELOUSDT","base_asset":"CELO","quote_asset":"USDT"},{"symbol":"RIFUSDT","base_asset":"RIF","quote_asset":"USDT"},{"symbol":"BTCSTUSDT","base_asset":"BTCST","quote_asset":"USDT"},{"symbol":"TRUUSDT","base_asset":"TRU","quote_asset":"USDT"},{"symbol":"CKBUSDT","base_asset":"CKB","quote_asset":"USDT"},{"symbol":"TWTUSDT","base_asset":"TWT","quote_asset":"USDT"},{"symbol":"FIROUSDT","base_asset":"FIRO","quote_asset":"USDT"},{"symbol":"LITUSDT","base_asset":"LIT","quote_asset":"USDT"},{"symbol":"SFPUSDT","base_asset":"SFP","quote_asset":"USDT"},{"symbol":"DODOUSDT","base_asset":"DODO","quote_asset":"USDT"},{"symbol":"CAKEUSDT","base_asset":"CAKE","quote_asset":"USDT"},{"symbol":"ACMUSDT","base_asset":"ACM","quote_asset":"USDT"},{"symbol":"BADGERUSDT","base_asset":"BADGER","quote_asset":"USDT"},{"symbol":"FISUSDT","base_asset":"FIS","quote_asset":"USDT"},{"symbol":"OMUSDT","base_asset":"OM","quote_asset":"USDT"},{"symbol":"PONDUSDT","base_asset":"POND","quote_asset":"USDT"},{"symbol":"DEGOUSDT","base_asset":"DEGO","quote_asset":"USDT"},{"symbol":"ALICEUSDT","base_asset":"ALICE","quote_asset":"USDT"},{"symbol":"LINAUSDT","base_asset":"LINA","quote_asset":"USDT"},{"symbol":"PERPUSDT","base_asset":"PERP","quote_asset":"USDT"},{"symbol":"RAMPUSDT","base_asset":"RAMP","quote_asset":"USDT"},{"symbol":"SUPERUSDT","base_asset":"SUPER","quote_asset":"USDT"},{"symbol":"CFXUSDT","base_asset":"CFX","quote_asset":"USDT"},{"symbol":"EPSUSDT","base_asset":"EPS","quote_asset":"USDT"},{"symbol":"AUTOUSDT","base_asset":"AUTO","quote_asset":"USDT"},{"symbol":"TKOUSDT","base_asset":"TKO","quote_asset":"USDT"},{"symbol":"PUNDIXUSDT","base_asset":"PUNDIX","quote_asset":"USDT"},{"symbol":"TLMUSDT","base_asset":"TLM","quote_asset":"USDT"},{"symbol":"BTGUSDT","base_asset":"BTG","quote_asset":"USDT"},{"symbol":"MIRUSDT","base_asset":"MIR","quote_asset":"USDT"},{"symbol":"BARUSDT","base_asset":"BAR","quote_asset":"USDT"},{"symbol":"FORTHUSDT","base_asset":"FORTH","quote_asset":"USDT"},{"symbol":"BAKEUSDT","base_asset":"BAKE","quote_asset":"USDT"},{"symbol":"BURGERUSDT","base_asset":"BURGER","quote_asset":"USDT"},{"symbol":"SLPUSDT","base_asset":"SLP","quote_asset":"USDT"},{"symbol":"SHIBUSDT","base_asset":"SHIB","quote_asset":"USDT"},{"symbol":"ICPUSDT","base_asset":"ICP","quote_asset":"USDT"},{"symbol":"ARUSDT","base_asset":"AR","quote_asset":"USDT"},{"symbol":"POLSUSDT","base_asset":"POLS","quote_asset":"USDT"},{"symbol":"MDXUSDT","base_asset":"MDX","quote_asset":"USDT"},{"symbol":"MASKUSDT","base_asset":"MASK","quote_asset":"USDT"},{"symbol":"LPTUSDT","base_asset":"LPT","quote_asset":"USDT"},{"symbol":"NUUSDT","base_asset":"NU","quote_asset":"USDT"},{"symbol":"XVGUSDT","base_asset":"XVG","quote_asset":"USDT"},{"symbol":"ATAUSDT","base_asset":"ATA","quote_asset":"USDT"},{"symbol":"GTCUSDT","base_asset":"GTC","quote_asset":"USDT"},{"symbol":"TORNUSDT","base_asset":"TORN","quote_asset":"USDT"},{"symbol":"KEEPUSDT","base_asset":"KEEP","quote_asset":"USDT"},{"symbol":"ERNUSDT","base_asset":"ERN","quote_asset":"USDT"},{"symbol":"KLAYUSDT","base_asset":"KLAY","quote_asset":"USDT"},{"symbol":"PHAUSDT","base_asset":"PHA","quote_asset":"USDT"},{"symbol":"BONDUSDT","base_asset":"BOND","quote_asset":"USDT"},{"symbol":"MLNUSDT","base_asset":"MLN","quote_asset":"USDT"},{"symbol":"DEXEUSDT","base_asset":"DEXE","quote_asset":"USDT"},{"symbol":"C98USDT","base_asset":"C98","quote_asset":"USDT"},{"symbol":"CLVUSDT","base_asset":"CLV","quote_asset":"USDT"},{"symbol":"QNTUSDT","base_asset":"QNT","quote_asset":"USDT"},{"symbol":"FLOWUSDT","base_asset":"FLOW","quote_asset":"USDT"}]]
2021-08-04T19:00:57.107+0800	error	logic/binance.go:387	GetTop error => [Get "https://api.binance.com/api/v3/klines?interval=1d&limit=26&symbol=XMRUSDT": net/http: TLS handshake timeout
quant/pkg/utils/request.New
	/Users/allen/Projects/Go/mod/quant/pkg/utils/request/request.go:53
quant/internal/app/logic.Request
	/Users/allen/Projects/Go/mod/quant/internal/app/logic/binance.go:153
quant/internal/app/logic.amplitude
	/Users/allen/Projects/Go/mod/quant/internal/app/logic/binance.go:318
quant/internal/app/logic.GetTopAmplitude.func1
	/Users/allen/Projects/Go/mod/quant/internal/app/logic/binance.go:385
runtime.goexit
	/usr/local/opt/go/libexec/src/runtime/asm_amd64.s:1371]
2021-08-04T19:00:57.310+0800	error	logic/binance.go:387	GetTop error => [Get "https://api.binance.com/api/v3/klines?interval=1d&limit=26&symbol=ZECUSDT": net/http: TLS handshake timeout
quant/pkg/utils/request.New
	/Users/allen/Projects/Go/mod/quant/pkg/utils/request/request.go:53
quant/internal/app/logic.Request
	/Users/allen/Projects/Go/mod/quant/internal/app/logic/binance.go:153
quant/internal/app/logic.amplitude
	/Users/allen/Projects/Go/mod/quant/internal/app/logic/binance.go:318
quant/internal/app/logic.GetTopAmplitude.func1
	/Users/allen/Projects/Go/mod/quant/internal/app/logic/binance.go:385
runtime.goexit
	/usr/local/opt/go/libexec/src/runtime/asm_amd64.s:1371]
2021-08-04T19:00:57.508+0800	error	logic/binance.go:387	GetTop error => [Get "https://api.binance.com/api/v3/klines?interval=1d&limit=26&symbol=IOSTUSDT": net/http: TLS handshake timeout
quant/pkg/utils/request.New
	/Users/allen/Projects/Go/mod/quant/pkg/utils/request/request.go:53
quant/internal/app/logic.Request
	/Users/allen/Projects/Go/mod/quant/internal/app/logic/binance.go:153
quant/internal/app/logic.amplitude
	/Users/allen/Projects/Go/mod/quant/internal/app/logic/binance.go:318
quant/internal/app/logic.GetTopAmplitude.func1
	/Users/allen/Projects/Go/mod/quant/internal/app/logic/binance.go:385
runtime.goexit
	/usr/local/opt/go/libexec/src/runtime/asm_amd64.s:1371]
2021-08-04T19:00:57.708+0800	error	logic/binance.go:387	GetTop error => [Get "https://api.binance.com/api/v3/klines?interval=1d&limit=26&symbol=CELRUSDT": net/http: TLS handshake timeout
quant/pkg/utils/request.New
	/Users/allen/Projects/Go/mod/quant/pkg/utils/request/request.go:53
quant/internal/app/logic.Request
	/Users/allen/Projects/Go/mod/quant/internal/app/logic/binance.go:153
quant/internal/app/logic.amplitude
	/Users/allen/Projects/Go/mod/quant/internal/app/logic/binance.go:318
quant/internal/app/logic.GetTopAmplitude.func1
	/Users/allen/Projects/Go/mod/quant/internal/app/logic/binance.go:385
runtime.goexit
	/usr/local/opt/go/libexec/src/runtime/asm_amd64.s:1371]
2021-08-04T19:00:57.909+0800	error	logic/binance.go:387	GetTop error => [Get "https://api.binance.com/api/v3/klines?interval=1d&limit=26&symbol=DASHUSDT": net/http: TLS handshake timeout
quant/pkg/utils/request.New
	/Users/allen/Projects/Go/mod/quant/pkg/utils/request/request.go:53
quant/internal/app/logic.Request
	/Users/allen/Projects/Go/mod/quant/internal/app/logic/binance.go:153
quant/internal/app/logic.amplitude
	/Users/allen/Projects/Go/mod/quant/internal/app/logic/binance.go:318
quant/internal/app/logic.GetTopAmplitude.func1
	/Users/allen/Projects/Go/mod/quant/internal/app/logic/binance.go:385
runtime.goexit
	/usr/local/opt/go/libexec/src/runtime/asm_amd64.s:1371]
2021-08-04T19:00:58.112+0800	error	logic/binance.go:387	GetTop error => [Get "https://api.binance.com/api/v3/klines?interval=1d&limit=26&symbol=NANOUSDT": net/http: TLS handshake timeout
quant/pkg/utils/request.New
	/Users/allen/Projects/Go/mod/quant/pkg/utils/request/request.go:53
quant/internal/app/logic.Request
	/Users/allen/Projects/Go/mod/quant/internal/app/logic/binance.go:153
quant/internal/app/logic.amplitude
	/Users/allen/Projects/Go/mod/quant/internal/app/logic/binance.go:318
quant/internal/app/logic.GetTopAmplitude.func1
	/Users/allen/Projects/Go/mod/quant/internal/app/logic/binance.go:385
runtime.goexit
	/usr/local/opt/go/libexec/src/runtime/asm_amd64.s:1371]
2021-08-04T19:00:58.313+0800	error	logic/binance.go:387	GetTop error => [Get "https://api.binance.com/api/v3/klines?interval=1d&limit=26&symbol=OMGUSDT": net/http: TLS handshake timeout
quant/pkg/utils/request.New
	/Users/allen/Projects/Go/mod/quant/pkg/utils/request/request.go:53
quant/internal/app/logic.Request
	/Users/allen/Projects/Go/mod/quant/internal/app/logic/binance.go:153
quant/internal/app/logic.amplitude
	/Users/allen/Projects/Go/mod/quant/internal/app/logic/binance.go:318
quant/internal/app/logic.GetTopAmplitude.func1
	/Users/allen/Projects/Go/mod/quant/internal/app/logic/binance.go:385
runtime.goexit
	/usr/local/opt/go/libexec/src/runtime/asm_amd64.s:1371]
2021-08-04T19:00:58.517+0800	error	logic/binance.go:387	GetTop error => [Get "https://api.binance.com/api/v3/klines?interval=1d&limit=26&symbol=THETAUSDT": net/http: TLS handshake timeout
quant/pkg/utils/request.New
	/Users/allen/Projects/Go/mod/quant/pkg/utils/request/request.go:53
quant/internal/app/logic.Request
	/Users/allen/Projects/Go/mod/quant/internal/app/logic/binance.go:153
quant/internal/app/logic.amplitude
	/Users/allen/Projects/Go/mod/quant/internal/app/logic/binance.go:318
quant/internal/app/logic.GetTopAmplitude.func1
	/Users/allen/Projects/Go/mod/quant/internal/app/logic/binance.go:385
runtime.goexit
	/usr/local/opt/go/libexec/src/runtime/asm_amd64.s:1371]
2021-08-04T19:01:00.339+0800	error	logic/binance.go:387	GetTop error => [Get "https://api.binance.com/api/v3/klines?interval=1d&limit=26&symbol=GTOUSDT": net/http: TLS handshake timeout
quant/pkg/utils/request.New
	/Users/allen/Projects/Go/mod/quant/pkg/utils/request/request.go:53
quant/internal/app/logic.Request
	/Users/allen/Projects/Go/mod/quant/internal/app/logic/binance.go:153
quant/internal/app/logic.amplitude
	/Users/allen/Projects/Go/mod/quant/internal/app/logic/binance.go:318
quant/internal/app/logic.GetTopAmplitude.func1
	/Users/allen/Projects/Go/mod/quant/internal/app/logic/binance.go:385
runtime.goexit
	/usr/local/opt/go/libexec/src/runtime/asm_amd64.s:1371]
2021-08-04T19:01:00.546+0800	error	logic/binance.go:387	GetTop error => [Get "https://api.binance.com/api/v3/klines?interval=1d&limit=26&symbol=DOGEUSDT": net/http: TLS handshake timeout
quant/pkg/utils/request.New
	/Users/allen/Projects/Go/mod/quant/pkg/utils/request/request.go:53
quant/internal/app/logic.Request
	/Users/allen/Projects/Go/mod/quant/internal/app/logic/binance.go:153
quant/internal/app/logic.amplitude
	/Users/allen/Projects/Go/mod/quant/internal/app/logic/binance.go:318
quant/internal/app/logic.GetTopAmplitude.func1
	/Users/allen/Projects/Go/mod/quant/internal/app/logic/binance.go:385
runtime.goexit
	/usr/local/opt/go/libexec/src/runtime/asm_amd64.s:1371]
2021-08-04T19:01:00.747+0800	error	logic/binance.go:387	GetTop error => [Get "https://api.binance.com/api/v3/klines?interval=1d&limit=26&symbol=DUSKUSDT": net/http: TLS handshake timeout
quant/pkg/utils/request.New
	/Users/allen/Projects/Go/mod/quant/pkg/utils/request/request.go:53
quant/internal/app/logic.Request
	/Users/allen/Projects/Go/mod/quant/internal/app/logic/binance.go:153
quant/internal/app/logic.amplitude
	/Users/allen/Projects/Go/mod/quant/internal/app/logic/binance.go:318
quant/internal/app/logic.GetTopAmplitude.func1
	/Users/allen/Projects/Go/mod/quant/internal/app/logic/binance.go:385
runtime.goexit
	/usr/local/opt/go/libexec/src/runtime/asm_amd64.s:1371]
2021-08-04T19:01:00.951+0800	error	logic/binance.go:387	GetTop error => [Get "https://api.binance.com/api/v3/klines?interval=1d&limit=26&symbol=ANKRUSDT": net/http: TLS handshake timeout
quant/pkg/utils/request.New
	/Users/allen/Projects/Go/mod/quant/pkg/utils/request/request.go:53
quant/internal/app/logic.Request
	/Users/allen/Projects/Go/mod/quant/internal/app/logic/binance.go:153
quant/internal/app/logic.amplitude
	/Users/allen/Projects/Go/mod/quant/internal/app/logic/binance.go:318
quant/internal/app/logic.GetTopAmplitude.func1
	/Users/allen/Projects/Go/mod/quant/internal/app/logic/binance.go:385
runtime.goexit
	/usr/local/opt/go/libexec/src/runtime/asm_amd64.s:1371]
2021-08-04T19:01:01.151+0800	error	logic/binance.go:387	GetTop error => [Get "https://api.binance.com/api/v3/klines?interval=1d&limit=26&symbol=WINUSDT": net/http: TLS handshake timeout
quant/pkg/utils/request.New
	/Users/allen/Projects/Go/mod/quant/pkg/utils/request/request.go:53
quant/internal/app/logic.Request
	/Users/allen/Projects/Go/mod/quant/internal/app/logic/binance.go:153
quant/internal/app/logic.amplitude
	/Users/allen/Projects/Go/mod/quant/internal/app/logic/binance.go:318
quant/internal/app/logic.GetTopAmplitude.func1
	/Users/allen/Projects/Go/mod/quant/internal/app/logic/binance.go:385
runtime.goexit
	/usr/local/opt/go/libexec/src/runtime/asm_amd64.s:1371]
2021-08-04T19:01:01.351+0800	error	logic/binance.go:387	GetTop error => [Get "https://api.binance.com/api/v3/klines?interval=1d&limit=26&symbol=COSUSDT": net/http: TLS handshake timeout
quant/pkg/utils/request.New
	/Users/allen/Projects/Go/mod/quant/pkg/utils/request/request.go:53
quant/internal/app/logic.Request
	/Users/allen/Projects/Go/mod/quant/internal/app/logic/binance.go:153
quant/internal/app/logic.amplitude
	/Users/allen/Projects/Go/mod/quant/internal/app/logic/binance.go:318
quant/internal/app/logic.GetTopAmplitude.func1
	/Users/allen/Projects/Go/mod/quant/internal/app/logic/binance.go:385
runtime.goexit
	/usr/local/opt/go/libexec/src/runtime/asm_amd64.s:1371]
2021-08-04T19:01:01.553+0800	error	logic/binance.go:387	GetTop error => [Get "https://api.binance.com/api/v3/klines?interval=1d&limit=26&symbol=COCOSUSDT": net/http: TLS handshake timeout
quant/pkg/utils/request.New
	/Users/allen/Projects/Go/mod/quant/pkg/utils/request/request.go:53
quant/internal/app/logic.Request
	/Users/allen/Projects/Go/mod/quant/internal/app/logic/binance.go:153
quant/internal/app/logic.amplitude
	/Users/allen/Projects/Go/mod/quant/internal/app/logic/binance.go:318
quant/internal/app/logic.GetTopAmplitude.func1
	/Users/allen/Projects/Go/mod/quant/internal/app/logic/binance.go:385
runtime.goexit
	/usr/local/opt/go/libexec/src/runtime/asm_amd64.s:1371]
2021-08-04T19:01:01.759+0800	error	logic/binance.go:387	GetTop error => [Get "https://api.binance.com/api/v3/klines?interval=1d&limit=26&symbol=MTLUSDT": net/http: TLS handshake timeout
quant/pkg/utils/request.New
	/Users/allen/Projects/Go/mod/quant/pkg/utils/request/request.go:53
quant/internal/app/logic.Request
	/Users/allen/Projects/Go/mod/quant/internal/app/logic/binance.go:153
quant/internal/app/logic.amplitude
	/Users/allen/Projects/Go/mod/quant/internal/app/logic/binance.go:318
quant/internal/app/logic.GetTopAmplitude.func1
	/Users/allen/Projects/Go/mod/quant/internal/app/logic/binance.go:385
runtime.goexit
	/usr/local/opt/go/libexec/src/runtime/asm_amd64.s:1371]
2021-08-04T19:01:26.480+0800	error	logic/binance.go:387	GetTop error => [Get "https://api.binance.com/api/v3/klines?interval=1d&limit=26&symbol=AVAUSDT": net/http: TLS handshake timeout
quant/pkg/utils/request.New
	/Users/allen/Projects/Go/mod/quant/pkg/utils/request/request.go:53
quant/internal/app/logic.Request
	/Users/allen/Projects/Go/mod/quant/internal/app/logic/binance.go:153
quant/internal/app/logic.amplitude
	/Users/allen/Projects/Go/mod/quant/internal/app/logic/binance.go:318
quant/internal/app/logic.GetTopAmplitude.func1
	/Users/allen/Projects/Go/mod/quant/internal/app/logic/binance.go:385
runtime.goexit
	/usr/local/opt/go/libexec/src/runtime/asm_amd64.s:1371]
2021-08-04T19:01:26.685+0800	error	logic/binance.go:387	GetTop error => [Get "https://api.binance.com/api/v3/klines?interval=1d&limit=26&symbol=XEMUSDT": net/http: TLS handshake timeout
quant/pkg/utils/request.New
	/Users/allen/Projects/Go/mod/quant/pkg/utils/request/request.go:53
quant/internal/app/logic.Request
	/Users/allen/Projects/Go/mod/quant/internal/app/logic/binance.go:153
quant/internal/app/logic.amplitude
	/Users/allen/Projects/Go/mod/quant/internal/app/logic/binance.go:318
quant/internal/app/logic.GetTopAmplitude.func1
	/Users/allen/Projects/Go/mod/quant/internal/app/logic/binance.go:385
runtime.goexit
	/usr/local/opt/go/libexec/src/runtime/asm_amd64.s:1371]
2021-08-04T19:01:26.893+0800	error	logic/binance.go:387	GetTop error => [Get "https://api.binance.com/api/v3/klines?interval=1d&limit=26&symbol=SKLUSDT": net/http: TLS handshake timeout
quant/pkg/utils/request.New
	/Users/allen/Projects/Go/mod/quant/pkg/utils/request/request.go:53
quant/internal/app/logic.Request
	/Users/allen/Projects/Go/mod/quant/internal/app/logic/binance.go:153
quant/internal/app/logic.amplitude
	/Users/allen/Projects/Go/mod/quant/internal/app/logic/binance.go:318
quant/internal/app/logic.GetTopAmplitude.func1
	/Users/allen/Projects/Go/mod/quant/internal/app/logic/binance.go:385
runtime.goexit
	/usr/local/opt/go/libexec/src/runtime/asm_amd64.s:1371]
2021-08-04T19:01:27.094+0800	error	logic/binance.go:387	GetTop error => [Get "https://api.binance.com/api/v3/klines?interval=1d&limit=26&symbol=SUSDUSDT": net/http: TLS handshake timeout
quant/pkg/utils/request.New
	/Users/allen/Projects/Go/mod/quant/pkg/utils/request/request.go:53
quant/internal/app/logic.Request
	/Users/allen/Projects/Go/mod/quant/internal/app/logic/binance.go:153
quant/internal/app/logic.amplitude
	/Users/allen/Projects/Go/mod/quant/internal/app/logic/binance.go:318
quant/internal/app/logic.GetTopAmplitude.func1
	/Users/allen/Projects/Go/mod/quant/internal/app/logic/binance.go:385
runtime.goexit
	/usr/local/opt/go/libexec/src/runtime/asm_amd64.s:1371]
2021-08-04T19:01:27.297+0800	error	logic/binance.go:387	GetTop error => [Get "https://api.binance.com/api/v3/klines?interval=1d&limit=26&symbol=GRTUSDT": net/http: TLS handshake timeout
quant/pkg/utils/request.New
	/Users/allen/Projects/Go/mod/quant/pkg/utils/request/request.go:53
quant/internal/app/logic.Request
	/Users/allen/Projects/Go/mod/quant/internal/app/logic/binance.go:153
quant/internal/app/logic.amplitude
	/Users/allen/Projects/Go/mod/quant/internal/app/logic/binance.go:318
quant/internal/app/logic.GetTopAmplitude.func1
	/Users/allen/Projects/Go/mod/quant/internal/app/logic/binance.go:385
runtime.goexit
	/usr/local/opt/go/libexec/src/runtime/asm_amd64.s:1371]
2021-08-04T19:01:27.504+0800	error	logic/binance.go:387	GetTop error => [Get "https://api.binance.com/api/v3/klines?interval=1d&limit=26&symbol=JUVUSDT": net/http: TLS handshake timeout
quant/pkg/utils/request.New
	/Users/allen/Projects/Go/mod/quant/pkg/utils/request/request.go:53
quant/internal/app/logic.Request
	/Users/allen/Projects/Go/mod/quant/internal/app/logic/binance.go:153
quant/internal/app/logic.amplitude
	/Users/allen/Projects/Go/mod/quant/internal/app/logic/binance.go:318
quant/internal/app/logic.GetTopAmplitude.func1
	/Users/allen/Projects/Go/mod/quant/internal/app/logic/binance.go:385
runtime.goexit
	/usr/local/opt/go/libexec/src/runtime/asm_amd64.s:1371]
2021-08-04T19:01:27.706+0800	error	logic/binance.go:387	GetTop error => [Get "https://api.binance.com/api/v3/klines?interval=1d&limit=26&symbol=PSGUSDT": net/http: TLS handshake timeout
quant/pkg/utils/request.New
	/Users/allen/Projects/Go/mod/quant/pkg/utils/request/request.go:53
quant/internal/app/logic.Request
	/Users/allen/Projects/Go/mod/quant/internal/app/logic/binance.go:153
quant/internal/app/logic.amplitude
	/Users/allen/Projects/Go/mod/quant/internal/app/logic/binance.go:318
quant/internal/app/logic.GetTopAmplitude.func1
	/Users/allen/Projects/Go/mod/quant/internal/app/logic/binance.go:385
runtime.goexit
	/usr/local/opt/go/libexec/src/runtime/asm_amd64.s:1371]
2021-08-04T19:01:27.910+0800	error	logic/binance.go:387	GetTop error => [Get "https://api.binance.com/api/v3/klines?interval=1d&limit=26&symbol=1INCHUSDT": net/http: TLS handshake timeout
quant/pkg/utils/request.New
	/Users/allen/Projects/Go/mod/quant/pkg/utils/request/request.go:53
quant/internal/app/logic.Request
	/Users/allen/Projects/Go/mod/quant/internal/app/logic/binance.go:153
quant/internal/app/logic.amplitude
	/Users/allen/Projects/Go/mod/quant/internal/app/logic/binance.go:318
quant/internal/app/logic.GetTopAmplitude.func1
	/Users/allen/Projects/Go/mod/quant/internal/app/logic/binance.go:385
runtime.goexit
	/usr/local/opt/go/libexec/src/runtime/asm_amd64.s:1371]
2021-08-04T19:01:29.668+0800	error	logic/binance.go:387	GetTop error => [Get "https://api.binance.com/api/v3/klines?interval=1d&limit=26&symbol=DEXEUSDT": unexpected EOF
quant/pkg/utils/request.New
	/Users/allen/Projects/Go/mod/quant/pkg/utils/request/request.go:53
quant/internal/app/logic.Request
	/Users/allen/Projects/Go/mod/quant/internal/app/logic/binance.go:153
quant/internal/app/logic.amplitude
	/Users/allen/Projects/Go/mod/quant/internal/app/logic/binance.go:318
quant/internal/app/logic.GetTopAmplitude.func1
	/Users/allen/Projects/Go/mod/quant/internal/app/logic/binance.go:385
runtime.goexit
	/usr/local/opt/go/libexec/src/runtime/asm_amd64.s:1371]
2021-08-04T19:01:30.229+0800	error	logic/binance.go:387	GetTop error => [Get "https://api.binance.com/api/v3/klines?interval=1d&limit=26&symbol=C98USDT": read tcp 127.0.0.1:58747->127.0.0.1:1087: read: connection reset by peer
quant/pkg/utils/request.New
	/Users/allen/Projects/Go/mod/quant/pkg/utils/request/request.go:53
quant/internal/app/logic.Request
	/Users/allen/Projects/Go/mod/quant/internal/app/logic/binance.go:153
quant/internal/app/logic.amplitude
	/Users/allen/Projects/Go/mod/quant/internal/app/logic/binance.go:318
quant/internal/app/logic.GetTopAmplitude.func1
	/Users/allen/Projects/Go/mod/quant/internal/app/logic/binance.go:385
runtime.goexit
	/usr/local/opt/go/libexec/src/runtime/asm_amd64.s:1371]
2021-08-04T19:01:30.730+0800	error	logic/binance.go:387	GetTop error => [Get "https://api.binance.com/api/v3/klines?interval=1d&limit=26&symbol=QNTUSDT": read tcp 127.0.0.1:58749->127.0.0.1:1087: read: connection reset by peer
quant/pkg/utils/request.New
	/Users/allen/Projects/Go/mod/quant/pkg/utils/request/request.go:53
quant/internal/app/logic.Request
	/Users/allen/Projects/Go/mod/quant/internal/app/logic/binance.go:153
quant/internal/app/logic.amplitude
	/Users/allen/Projects/Go/mod/quant/internal/app/logic/binance.go:318
quant/internal/app/logic.GetTopAmplitude.func1
	/Users/allen/Projects/Go/mod/quant/internal/app/logic/binance.go:385
runtime.goexit
	/usr/local/opt/go/libexec/src/runtime/asm_amd64.s:1371]
2021-08-04T19:01:31.269+0800	error	logic/binance.go:387	GetTop error => [Get "https://api.binance.com/api/v3/klines?interval=1d&limit=26&symbol=FLOWUSDT": read tcp 127.0.0.1:58750->127.0.0.1:1087: read: connection reset by peer
quant/pkg/utils/request.New
	/Users/allen/Projects/Go/mod/quant/pkg/utils/request/request.go:53
quant/internal/app/logic.Request
	/Users/allen/Projects/Go/mod/quant/internal/app/logic/binance.go:153
quant/internal/app/logic.amplitude
	/Users/allen/Projects/Go/mod/quant/internal/app/logic/binance.go:318
quant/internal/app/logic.GetTopAmplitude.func1
	/Users/allen/Projects/Go/mod/quant/internal/app/logic/binance.go:385
runtime.goexit
	/usr/local/opt/go/libexec/src/runtime/asm_amd64.s:1371]
2021-08-04T19:01:39.467+0800	error	logic/binance.go:387	GetTop error => [Get "https://api.binance.com/api/v3/klines?interval=1d&limit=26&symbol=MLNUSDT": net/http: TLS handshake timeout
quant/pkg/utils/request.New
	/Users/allen/Projects/Go/mod/quant/pkg/utils/request/request.go:53
quant/internal/app/logic.Request
	/Users/allen/Projects/Go/mod/quant/internal/app/logic/binance.go:153
quant/internal/app/logic.amplitude
	/Users/allen/Projects/Go/mod/quant/internal/app/logic/binance.go:318
quant/internal/app/logic.GetTopAmplitude.func1
	/Users/allen/Projects/Go/mod/quant/internal/app/logic/binance.go:385
runtime.goexit
	/usr/local/opt/go/libexec/src/runtime/asm_amd64.s:1371]
2021-08-04T19:01:40.735+0800	error	logic/binance.go:387	GetTop error => [Get "https://api.binance.com/api/v3/klines?interval=1d&limit=26&symbol=CLVUSDT": net/http: TLS handshake timeout
quant/pkg/utils/request.New
	/Users/allen/Projects/Go/mod/quant/pkg/utils/request/request.go:53
quant/internal/app/logic.Request
	/Users/allen/Projects/Go/mod/quant/internal/app/logic/binance.go:153
quant/internal/app/logic.amplitude
	/Users/allen/Projects/Go/mod/quant/internal/app/logic/binance.go:318
quant/internal/app/logic.GetTopAmplitude.func1
	/Users/allen/Projects/Go/mod/quant/internal/app/logic/binance.go:385
runtime.goexit
	/usr/local/opt/go/libexec/src/runtime/asm_amd64.s:1371]
